2021/08/29 13:12:14 [notice] 1#1: using the "epoll" event method
2021/08/29 13:12:14 [notice] 1#1: nginx/1.21.1
2021/08/29 13:12:14 [notice] 1#1: built by gcc 8.3.0 (Debian 8.3.0-6) 
2021/08/29 13:12:14 [notice] 1#1: OS: Linux 4.19.128-microsoft-standard
2021/08/29 13:12:14 [notice] 1#1: getrlimit(RLIMIT_NOFILE): 1048576:1048576
2021/08/29 13:12:14 [notice] 1#1: start worker processes
2021/08/29 13:12:14 [notice] 1#1: start worker process 22
2021/08/29 13:12:14 [notice] 1#1: start worker process 23
2021/08/29 13:12:14 [notice] 1#1: start worker process 24
2021/08/29 13:12:14 [notice] 1#1: start worker process 25
2021/08/29 13:12:14 [notice] 1#1: start worker process 26
2021/08/29 13:12:14 [notice] 1#1: start worker process 27
2021/08/29 13:12:14 [notice] 1#1: start worker process 28
2021/08/29 13:12:14 [notice] 1#1: start worker process 29
2021/08/29 13:13:27 [error] 22#22: *1 "/var/www/magento2/rent/index.php" is not found (2: No such file or directory), client: 172.18.0.1, server: magento2.dev, request: "GET /rent/ HTTP/1.1", host: "localhost"
2021/08/29 13:13:27 [error] 22#22: *1 open() "/var/www/magento2/favicon.ico" failed (2: No such file or directory), client: 172.18.0.1, server: magento2.dev, request: "GET /favicon.ico HTTP/1.1", host: "localhost", referrer: "http://localhost/rent/"
2021/08/29 13:13:36 [error] 22#22: *1 "/var/www/magento2/rent/index.php" is not found (2: No such file or directory), client: 172.18.0.1, server: magento2.dev, request: "GET /rent/ HTTP/1.1", host: "localhost"
2021/08/29 13:13:46 [error] 22#22: *2 "/var/www/magento2/rent/index.php" is not found (2: No such file or directory), client: 172.18.0.1, server: magento2.dev, request: "GET /rent/ HTTP/1.1", host: "localhost"
2021/08/29 13:14:26 [error] 22#22: *3 "/var/www/magento2/rent/index.php" is not found (2: No such file or directory), client: 172.18.0.1, server: magento2.dev, request: "GET /rent/ HTTP/1.1", host: "localhost"
2021/08/29 13:31:32 [notice] 1#1: signal 3 (SIGQUIT) received, shutting down
2021/08/29 13:31:32 [notice] 22#22: gracefully shutting down
2021/08/29 13:31:32 [notice] 23#23: gracefully shutting down
2021/08/29 13:31:32 [notice] 23#23: exiting
2021/08/29 13:31:32 [notice] 24#24: gracefully shutting down
2021/08/29 13:31:32 [notice] 27#27: gracefully shutting down
2021/08/29 13:31:32 [notice] 25#25: gracefully shutting down
2021/08/29 13:31:32 [notice] 25#25: exiting
2021/08/29 13:31:32 [notice] 28#28: gracefully shutting down
2021/08/29 13:31:32 [notice] 26#26: gracefully shutting down
2021/08/29 13:31:32 [notice] 29#29: gracefully shutting down
2021/08/29 13:31:32 [notice] 22#22: exiting
2021/08/29 13:31:32 [notice] 23#23: exit
2021/08/29 13:31:32 [notice] 24#24: exiting
2021/08/29 13:31:32 [notice] 27#27: exiting
2021/08/29 13:31:32 [notice] 25#25: exit
2021/08/29 13:31:32 [notice] 28#28: exiting
2021/08/29 13:31:32 [notice] 26#26: exiting
2021/08/29 13:31:32 [notice] 29#29: exiting
2021/08/29 13:31:32 [notice] 22#22: exit
2021/08/29 13:31:32 [notice] 24#24: exit
2021/08/29 13:31:32 [notice] 27#27: exit
2021/08/29 13:31:32 [notice] 28#28: exit
2021/08/29 13:31:32 [notice] 26#26: exit
2021/08/29 13:31:32 [notice] 29#29: exit
2021/08/29 13:31:32 [notice] 1#1: signal 17 (SIGCHLD) received from 29
2021/08/29 13:31:32 [notice] 1#1: worker process 29 exited with code 0
2021/08/29 13:31:32 [notice] 1#1: signal 29 (SIGIO) received
2021/08/29 13:31:32 [notice] 1#1: signal 17 (SIGCHLD) received from 28
2021/08/29 13:31:32 [notice] 1#1: worker process 22 exited with code 0
2021/08/29 13:31:32 [notice] 1#1: worker process 28 exited with code 0
2021/08/29 13:31:32 [notice] 1#1: signal 29 (SIGIO) received
2021/08/29 13:31:32 [notice] 1#1: signal 17 (SIGCHLD) received from 27
2021/08/29 13:31:32 [notice] 1#1: worker process 27 exited with code 0
2021/08/29 13:31:32 [notice] 1#1: signal 29 (SIGIO) received
2021/08/29 13:31:32 [notice] 1#1: signal 17 (SIGCHLD) received from 26
2021/08/29 13:31:32 [notice] 1#1: worker process 23 exited with code 0
2021/08/29 13:31:32 [notice] 1#1: worker process 25 exited with code 0
2021/08/29 13:31:32 [notice] 1#1: worker process 26 exited with code 0
2021/08/29 13:31:32 [notice] 1#1: worker process 24 exited with code 0
2021/08/29 13:31:32 [notice] 1#1: exit
2021/08/29 13:40:06 [notice] 1#1: using the "epoll" event method
2021/08/29 13:40:06 [notice] 1#1: nginx/1.21.1
2021/08/29 13:40:06 [notice] 1#1: built by gcc 8.3.0 (Debian 8.3.0-6) 
2021/08/29 13:40:06 [notice] 1#1: OS: Linux 4.19.128-microsoft-standard
2021/08/29 13:40:06 [notice] 1#1: getrlimit(RLIMIT_NOFILE): 1048576:1048576
2021/08/29 13:40:06 [notice] 1#1: start worker processes
2021/08/29 13:40:06 [notice] 1#1: start worker process 22
2021/08/29 13:40:06 [notice] 1#1: start worker process 23
2021/08/29 13:40:06 [notice] 1#1: start worker process 24
2021/08/29 13:40:06 [notice] 1#1: start worker process 25
2021/08/29 13:40:06 [notice] 1#1: start worker process 26
2021/08/29 13:40:06 [notice] 1#1: start worker process 27
2021/08/29 13:40:06 [notice] 1#1: start worker process 28
2021/08/29 13:40:06 [notice] 1#1: start worker process 29
2021/08/29 13:40:15 [error] 22#22: *1 "/var/www/magento2/rent/index.php" is not found (2: No such file or directory), client: 172.18.0.1, server: magento2.dev, request: "GET /rent/ HTTP/1.1", host: "localhost"
2021/08/29 13:40:39 [notice] 1#1: signal 3 (SIGQUIT) received, shutting down
2021/08/29 13:40:39 [notice] 22#22: gracefully shutting down
2021/08/29 13:40:39 [notice] 23#23: gracefully shutting down
2021/08/29 13:40:39 [notice] 25#25: gracefully shutting down
2021/08/29 13:40:39 [notice] 26#26: gracefully shutting down
2021/08/29 13:40:39 [notice] 24#24: gracefully shutting down
2021/08/29 13:40:39 [notice] 24#24: exiting
2021/08/29 13:40:39 [notice] 27#27: gracefully shutting down
2021/08/29 13:40:39 [notice] 27#27: exiting
2021/08/29 13:40:39 [notice] 29#29: gracefully shutting down
2021/08/29 13:40:39 [notice] 28#28: gracefully shutting down
2021/08/29 13:40:39 [notice] 22#22: exiting
2021/08/29 13:40:39 [notice] 23#23: exiting
2021/08/29 13:40:39 [notice] 25#25: exiting
2021/08/29 13:40:39 [notice] 26#26: exiting
2021/08/29 13:40:39 [notice] 24#24: exit
2021/08/29 13:40:39 [notice] 27#27: exit
2021/08/29 13:40:39 [notice] 29#29: exiting
2021/08/29 13:40:39 [notice] 28#28: exiting
2021/08/29 13:40:39 [notice] 22#22: exit
2021/08/29 13:40:39 [notice] 23#23: exit
2021/08/29 13:40:39 [notice] 25#25: exit
2021/08/29 13:40:39 [notice] 26#26: exit
2021/08/29 13:40:39 [notice] 29#29: exit
2021/08/29 13:40:39 [notice] 28#28: exit
2021/08/29 13:40:39 [notice] 1#1: signal 17 (SIGCHLD) received from 24
2021/08/29 13:40:39 [notice] 1#1: worker process 23 exited with code 0
2021/08/29 13:40:39 [notice] 1#1: worker process 24 exited with code 0
2021/08/29 13:40:39 [notice] 1#1: signal 29 (SIGIO) received
2021/08/29 13:40:39 [notice] 1#1: signal 17 (SIGCHLD) received from 27
2021/08/29 13:40:39 [notice] 1#1: worker process 22 exited with code 0
2021/08/29 13:40:39 [notice] 1#1: worker process 26 exited with code 0
2021/08/29 13:40:39 [notice] 1#1: worker process 27 exited with code 0
2021/08/29 13:40:39 [notice] 1#1: signal 29 (SIGIO) received
2021/08/29 13:40:39 [notice] 1#1: signal 17 (SIGCHLD) received from 22
2021/08/29 13:40:39 [notice] 1#1: signal 17 (SIGCHLD) received from 29
2021/08/29 13:40:39 [notice] 1#1: worker process 25 exited with code 0
2021/08/29 13:40:39 [notice] 1#1: worker process 28 exited with code 0
2021/08/29 13:40:39 [notice] 1#1: worker process 29 exited with code 0
2021/08/29 13:40:39 [notice] 1#1: exit
2021/08/29 13:42:49 [notice] 1#1: using the "epoll" event method
2021/08/29 13:42:49 [notice] 1#1: nginx/1.21.1
2021/08/29 13:42:49 [notice] 1#1: built by gcc 8.3.0 (Debian 8.3.0-6) 
2021/08/29 13:42:49 [notice] 1#1: OS: Linux 4.19.128-microsoft-standard
2021/08/29 13:42:49 [notice] 1#1: getrlimit(RLIMIT_NOFILE): 1048576:1048576
2021/08/29 13:42:49 [notice] 1#1: start worker processes
2021/08/29 13:42:49 [notice] 1#1: start worker process 22
2021/08/29 13:42:49 [notice] 1#1: start worker process 23
2021/08/29 13:42:49 [notice] 1#1: start worker process 24
2021/08/29 13:42:49 [notice] 1#1: start worker process 25
2021/08/29 13:42:49 [notice] 1#1: start worker process 26
2021/08/29 13:42:49 [notice] 1#1: start worker process 27
2021/08/29 13:42:49 [notice] 1#1: start worker process 28
2021/08/29 13:42:49 [notice] 1#1: start worker process 29
2021/08/29 13:42:54 [error] 22#22: *1 "/var/www//rent/index.php" is not found (2: No such file or directory), client: 172.18.0.1, server: magento2.dev, request: "GET /rent/ HTTP/1.1", host: "localhost"
2021/08/29 13:43:01 [error] 22#22: *2 "/var/www//rent/index.php" is not found (2: No such file or directory), client: 172.18.0.1, server: magento2.dev, request: "GET /rent/ HTTP/1.1", host: "localhost"
2021/08/29 13:43:22 [error] 22#22: *3 open() "/var/www//favicon.ico" failed (2: No such file or directory), client: 172.18.0.1, server: magento2.dev, request: "GET /favicon.ico HTTP/1.1", host: "localhost", referrer: "http://localhost/"
2021/08/29 14:33:24 [notice] 1#1: signal 3 (SIGQUIT) received, shutting down
2021/08/29 14:33:24 [notice] 22#22: gracefully shutting down
2021/08/29 14:33:24 [notice] 29#29: gracefully shutting down
2021/08/29 14:33:24 [notice] 23#23: gracefully shutting down
2021/08/29 14:33:24 [notice] 23#23: exiting
2021/08/29 14:33:24 [notice] 24#24: gracefully shutting down
2021/08/29 14:33:24 [notice] 24#24: exiting
2021/08/29 14:33:24 [notice] 25#25: gracefully shutting down
2021/08/29 14:33:24 [notice] 26#26: gracefully shutting down
2021/08/29 14:33:24 [notice] 27#27: gracefully shutting down
2021/08/29 14:33:24 [notice] 28#28: gracefully shutting down
2021/08/29 14:33:24 [notice] 22#22: exiting
2021/08/29 14:33:24 [notice] 29#29: exiting
2021/08/29 14:33:24 [notice] 23#23: exit
2021/08/29 14:33:24 [notice] 24#24: exit
2021/08/29 14:33:24 [notice] 25#25: exiting
2021/08/29 14:33:24 [notice] 26#26: exiting
2021/08/29 14:33:24 [notice] 27#27: exiting
2021/08/29 14:33:24 [notice] 28#28: exiting
2021/08/29 14:33:24 [notice] 22#22: exit
2021/08/29 14:33:24 [notice] 29#29: exit
2021/08/29 14:33:24 [notice] 25#25: exit
2021/08/29 14:33:24 [notice] 26#26: exit
2021/08/29 14:33:24 [notice] 27#27: exit
2021/08/29 14:33:24 [notice] 28#28: exit
2021/08/29 14:33:24 [notice] 1#1: signal 17 (SIGCHLD) received from 26
2021/08/29 14:33:24 [notice] 1#1: worker process 22 exited with code 0
2021/08/29 14:33:24 [notice] 1#1: worker process 26 exited with code 0
2021/08/29 14:33:24 [notice] 1#1: signal 29 (SIGIO) received
2021/08/29 14:33:24 [notice] 1#1: signal 17 (SIGCHLD) received from 28
2021/08/29 14:33:24 [notice] 1#1: worker process 28 exited with code 0
2021/08/29 14:33:24 [notice] 1#1: signal 29 (SIGIO) received
2021/08/29 14:33:24 [notice] 1#1: signal 17 (SIGCHLD) received from 24
2021/08/29 14:33:24 [notice] 1#1: worker process 24 exited with code 0
2021/08/29 14:33:24 [notice] 1#1: worker process 29 exited with code 0
2021/08/29 14:33:24 [notice] 1#1: signal 29 (SIGIO) received
2021/08/29 14:33:24 [notice] 1#1: signal 17 (SIGCHLD) received from 23
2021/08/29 14:33:24 [notice] 1#1: worker process 23 exited with code 0
2021/08/29 14:33:24 [notice] 1#1: worker process 27 exited with code 0
2021/08/29 14:33:24 [notice] 1#1: signal 29 (SIGIO) received
2021/08/29 14:33:24 [notice] 1#1: signal 17 (SIGCHLD) received from 25
2021/08/29 14:33:24 [notice] 1#1: worker process 25 exited with code 0
2021/08/29 14:33:24 [notice] 1#1: exit
2021/08/29 16:12:52 [notice] 1#1: using the "epoll" event method
2021/08/29 16:12:52 [notice] 1#1: nginx/1.21.1
2021/08/29 16:12:52 [notice] 1#1: built by gcc 8.3.0 (Debian 8.3.0-6) 
2021/08/29 16:12:52 [notice] 1#1: OS: Linux 4.19.128-microsoft-standard
2021/08/29 16:12:52 [notice] 1#1: getrlimit(RLIMIT_NOFILE): 1048576:1048576
2021/08/29 16:12:52 [notice] 1#1: start worker processes
2021/08/29 16:12:52 [notice] 1#1: start worker process 23
2021/08/29 16:12:52 [notice] 1#1: start worker process 24
2021/08/29 16:12:52 [notice] 1#1: start worker process 25
2021/08/29 16:12:52 [notice] 1#1: start worker process 26
2021/08/29 16:12:52 [notice] 1#1: start worker process 27
2021/08/29 16:12:52 [notice] 1#1: start worker process 28
2021/08/29 16:12:52 [notice] 1#1: start worker process 29
2021/08/29 16:12:52 [notice] 1#1: start worker process 30
2021/08/29 16:13:04 [notice] 1#1: signal 3 (SIGQUIT) received, shutting down
2021/08/29 16:13:04 [notice] 28#28: gracefully shutting down
2021/08/29 16:13:04 [notice] 25#25: gracefully shutting down
2021/08/29 16:13:04 [notice] 23#23: gracefully shutting down
2021/08/29 16:13:04 [notice] 24#24: gracefully shutting down
2021/08/29 16:13:04 [notice] 24#24: exiting
2021/08/29 16:13:04 [notice] 26#26: gracefully shutting down
2021/08/29 16:13:04 [notice] 27#27: gracefully shutting down
2021/08/29 16:13:04 [notice] 29#29: gracefully shutting down
2021/08/29 16:13:04 [notice] 30#30: gracefully shutting down
2021/08/29 16:13:04 [notice] 28#28: exiting
2021/08/29 16:13:04 [notice] 25#25: exiting
2021/08/29 16:13:04 [notice] 25#25: exit
2021/08/29 16:13:04 [notice] 23#23: exiting
2021/08/29 16:13:04 [notice] 23#23: exit
2021/08/29 16:13:04 [notice] 24#24: exit
2021/08/29 16:13:04 [notice] 26#26: exiting
2021/08/29 16:13:04 [notice] 26#26: exit
2021/08/29 16:13:04 [notice] 27#27: exiting
2021/08/29 16:13:04 [notice] 29#29: exiting
2021/08/29 16:13:04 [notice] 30#30: exiting
2021/08/29 16:13:04 [notice] 28#28: exit
2021/08/29 16:13:04 [notice] 27#27: exit
2021/08/29 16:13:04 [notice] 29#29: exit
2021/08/29 16:13:04 [notice] 30#30: exit
2021/08/29 16:13:04 [notice] 1#1: signal 17 (SIGCHLD) received from 26
2021/08/29 16:13:04 [notice] 1#1: worker process 24 exited with code 0
2021/08/29 16:13:04 [notice] 1#1: worker process 26 exited with code 0
2021/08/29 16:13:04 [notice] 1#1: signal 29 (SIGIO) received
2021/08/29 16:13:04 [notice] 1#1: signal 17 (SIGCHLD) received from 27
2021/08/29 16:13:04 [notice] 1#1: worker process 27 exited with code 0
2021/08/29 16:13:04 [notice] 1#1: signal 29 (SIGIO) received
2021/08/29 16:13:04 [notice] 1#1: signal 17 (SIGCHLD) received from 23
2021/08/29 16:13:04 [notice] 1#1: worker process 23 exited with code 0
2021/08/29 16:13:04 [notice] 1#1: worker process 25 exited with code 0
2021/08/29 16:13:04 [notice] 1#1: worker process 28 exited with code 0
2021/08/29 16:13:04 [notice] 1#1: signal 29 (SIGIO) received
2021/08/29 16:13:04 [notice] 1#1: signal 17 (SIGCHLD) received from 30
2021/08/29 16:13:04 [notice] 1#1: worker process 29 exited with code 0
2021/08/29 16:13:04 [notice] 1#1: worker process 30 exited with code 0
2021/08/29 16:13:04 [notice] 1#1: exit
2021/08/30 13:49:05 [notice] 1#1: using the "epoll" event method
2021/08/30 13:49:05 [notice] 1#1: nginx/1.21.1
2021/08/30 13:49:05 [notice] 1#1: built by gcc 8.3.0 (Debian 8.3.0-6) 
2021/08/30 13:49:05 [notice] 1#1: OS: Linux 4.19.128-microsoft-standard
2021/08/30 13:49:05 [notice] 1#1: getrlimit(RLIMIT_NOFILE): 1048576:1048576
2021/08/30 13:49:05 [notice] 1#1: start worker processes
2021/08/30 13:49:05 [notice] 1#1: start worker process 22
2021/08/30 13:49:05 [notice] 1#1: start worker process 23
2021/08/30 13:49:05 [notice] 1#1: start worker process 24
2021/08/30 13:49:05 [notice] 1#1: start worker process 25
2021/08/30 13:49:05 [notice] 1#1: start worker process 26
2021/08/30 13:49:05 [notice] 1#1: start worker process 27
2021/08/30 13:49:05 [notice] 1#1: start worker process 28
2021/08/30 13:49:05 [notice] 1#1: start worker process 29
2021/08/30 13:49:33 [error] 22#22: *1 open() "/var/www//favicon.ico" failed (2: No such file or directory), client: 172.19.0.1, server: magento2.dev, request: "GET /favicon.ico HTTP/1.1", host: "127.0.0.1", referrer: "http://127.0.0.1/"
2021/08/30 13:52:31 [error] 22#22: *7 open() "/var/www//favicon.ico" failed (2: No such file or directory), client: 172.19.0.1, server: magento2.dev, request: "GET /favicon.ico HTTP/1.1", host: "127.0.0.1", referrer: "http://127.0.0.1/"
2021/08/30 13:59:11 [notice] 1#1: signal 3 (SIGQUIT) received, shutting down
2021/08/30 13:59:11 [notice] 22#22: gracefully shutting down
2021/08/30 13:59:11 [notice] 23#23: gracefully shutting down
2021/08/30 13:59:11 [notice] 27#27: gracefully shutting down
2021/08/30 13:59:11 [notice] 24#24: gracefully shutting down
2021/08/30 13:59:11 [notice] 28#28: gracefully shutting down
2021/08/30 13:59:11 [notice] 25#25: gracefully shutting down
2021/08/30 13:59:11 [notice] 29#29: gracefully shutting down
2021/08/30 13:59:11 [notice] 26#26: gracefully shutting down
2021/08/30 13:59:11 [notice] 22#22: exiting
2021/08/30 13:59:11 [notice] 23#23: exiting
2021/08/30 13:59:11 [notice] 27#27: exiting
2021/08/30 13:59:11 [notice] 24#24: exiting
2021/08/30 13:59:11 [notice] 28#28: exiting
2021/08/30 13:59:11 [notice] 25#25: exiting
2021/08/30 13:59:11 [notice] 29#29: exiting
2021/08/30 13:59:11 [notice] 26#26: exiting
2021/08/30 13:59:11 [notice] 22#22: exit
2021/08/30 13:59:11 [notice] 23#23: exit
2021/08/30 13:59:11 [notice] 27#27: exit
2021/08/30 13:59:11 [notice] 24#24: exit
2021/08/30 13:59:11 [notice] 28#28: exit
2021/08/30 13:59:11 [notice] 25#25: exit
2021/08/30 13:59:11 [notice] 29#29: exit
2021/08/30 13:59:11 [notice] 26#26: exit
2021/08/30 13:59:11 [notice] 1#1: signal 17 (SIGCHLD) received from 25
2021/08/30 13:59:11 [notice] 1#1: worker process 22 exited with code 0
2021/08/30 13:59:11 [notice] 1#1: worker process 24 exited with code 0
2021/08/30 13:59:11 [notice] 1#1: worker process 25 exited with code 0
2021/08/30 13:59:11 [notice] 1#1: worker process 29 exited with code 0
2021/08/30 13:59:11 [notice] 1#1: signal 29 (SIGIO) received
2021/08/30 13:59:11 [notice] 1#1: signal 17 (SIGCHLD) received from 29
2021/08/30 13:59:11 [notice] 1#1: signal 17 (SIGCHLD) received from 23
2021/08/30 13:59:11 [notice] 1#1: worker process 23 exited with code 0
2021/08/30 13:59:11 [notice] 1#1: worker process 26 exited with code 0
2021/08/30 13:59:11 [notice] 1#1: worker process 28 exited with code 0
2021/08/30 13:59:11 [notice] 1#1: signal 29 (SIGIO) received
2021/08/30 13:59:11 [notice] 1#1: signal 17 (SIGCHLD) received from 27
2021/08/30 13:59:11 [notice] 1#1: worker process 27 exited with code 0
2021/08/30 13:59:11 [notice] 1#1: exit
2021/08/30 14:06:08 [notice] 1#1: using the "epoll" event method
2021/08/30 14:06:08 [notice] 1#1: nginx/1.21.1
2021/08/30 14:06:08 [notice] 1#1: built by gcc 8.3.0 (Debian 8.3.0-6) 
2021/08/30 14:06:08 [notice] 1#1: OS: Linux 4.19.128-microsoft-standard
2021/08/30 14:06:08 [notice] 1#1: getrlimit(RLIMIT_NOFILE): 1048576:1048576
2021/08/30 14:06:08 [notice] 1#1: start worker processes
2021/08/30 14:06:08 [notice] 1#1: start worker process 22
2021/08/30 14:06:08 [notice] 1#1: start worker process 23
2021/08/30 14:06:08 [notice] 1#1: start worker process 24
2021/08/30 14:06:08 [notice] 1#1: start worker process 25
2021/08/30 14:06:08 [notice] 1#1: start worker process 26
2021/08/30 14:06:08 [notice] 1#1: start worker process 27
2021/08/30 14:06:08 [notice] 1#1: start worker process 28
2021/08/30 14:06:08 [notice] 1#1: start worker process 29
2021/08/30 14:07:16 [error] 22#22: *3 open() "/var/www//favicon.ico" failed (2: No such file or directory), client: 172.20.0.1, server: magento2.dev, request: "GET /favicon.ico HTTP/1.1", host: "127.0.0.1", referrer: "http://127.0.0.1/"
2021/08/30 14:12:01 [notice] 1#1: signal 3 (SIGQUIT) received, shutting down
2021/08/30 14:12:01 [notice] 22#22: gracefully shutting down
2021/08/30 14:12:01 [notice] 23#23: gracefully shutting down
2021/08/30 14:12:01 [notice] 26#26: gracefully shutting down
2021/08/30 14:12:01 [notice] 24#24: gracefully shutting down
2021/08/30 14:12:01 [notice] 28#28: gracefully shutting down
2021/08/30 14:12:01 [notice] 27#27: gracefully shutting down
2021/08/30 14:12:01 [notice] 25#25: gracefully shutting down
2021/08/30 14:12:01 [notice] 29#29: gracefully shutting down
2021/08/30 14:12:01 [notice] 22#22: exiting
2021/08/30 14:12:01 [notice] 23#23: exiting
2021/08/30 14:12:01 [notice] 26#26: exiting
2021/08/30 14:12:01 [notice] 24#24: exiting
2021/08/30 14:12:01 [notice] 28#28: exiting
2021/08/30 14:12:01 [notice] 27#27: exiting
2021/08/30 14:12:01 [notice] 25#25: exiting
2021/08/30 14:12:01 [notice] 29#29: exiting
2021/08/30 14:12:01 [notice] 22#22: exit
2021/08/30 14:12:01 [notice] 23#23: exit
2021/08/30 14:12:01 [notice] 26#26: exit
2021/08/30 14:12:01 [notice] 24#24: exit
2021/08/30 14:12:01 [notice] 28#28: exit
2021/08/30 14:12:01 [notice] 27#27: exit
2021/08/30 14:12:01 [notice] 25#25: exit
2021/08/30 14:12:01 [notice] 29#29: exit
2021/08/30 14:12:01 [notice] 1#1: signal 17 (SIGCHLD) received from 23
2021/08/30 14:12:01 [notice] 1#1: worker process 23 exited with code 0
2021/08/30 14:12:01 [notice] 1#1: signal 29 (SIGIO) received
2021/08/30 14:12:01 [notice] 1#1: signal 17 (SIGCHLD) received from 26
2021/08/30 14:12:01 [notice] 1#1: worker process 24 exited with code 0
2021/08/30 14:12:01 [notice] 1#1: worker process 26 exited with code 0
2021/08/30 14:12:01 [notice] 1#1: signal 29 (SIGIO) received
2021/08/30 14:12:01 [notice] 1#1: signal 17 (SIGCHLD) received from 22
2021/08/30 14:12:01 [notice] 1#1: worker process 22 exited with code 0
2021/08/30 14:12:01 [notice] 1#1: worker process 27 exited with code 0
2021/08/30 14:12:01 [notice] 1#1: worker process 28 exited with code 0
2021/08/30 14:12:01 [notice] 1#1: worker process 29 exited with code 0
2021/08/30 14:12:01 [notice] 1#1: signal 29 (SIGIO) received
2021/08/30 14:12:01 [notice] 1#1: signal 17 (SIGCHLD) received from 25
2021/08/30 14:12:01 [notice] 1#1: worker process 25 exited with code 0
2021/08/30 14:12:01 [notice] 1#1: exit
2021/08/30 14:12:03 [notice] 1#1: using the "epoll" event method
2021/08/30 14:12:03 [notice] 1#1: nginx/1.21.1
2021/08/30 14:12:03 [notice] 1#1: built by gcc 8.3.0 (Debian 8.3.0-6) 
2021/08/30 14:12:03 [notice] 1#1: OS: Linux 4.19.128-microsoft-standard
2021/08/30 14:12:03 [notice] 1#1: getrlimit(RLIMIT_NOFILE): 1048576:1048576
2021/08/30 14:12:03 [notice] 1#1: start worker processes
2021/08/30 14:12:03 [notice] 1#1: start worker process 22
2021/08/30 14:12:03 [notice] 1#1: start worker process 23
2021/08/30 14:12:03 [notice] 1#1: start worker process 24
2021/08/30 14:12:03 [notice] 1#1: start worker process 25
2021/08/30 14:12:03 [notice] 1#1: start worker process 26
2021/08/30 14:12:03 [notice] 1#1: start worker process 27
2021/08/30 14:12:03 [notice] 1#1: start worker process 28
2021/08/30 14:12:03 [notice] 1#1: start worker process 29
2021/08/30 14:15:46 [notice] 1#1: signal 3 (SIGQUIT) received, shutting down
2021/08/30 14:15:46 [notice] 23#23: gracefully shutting down
2021/08/30 14:15:46 [notice] 26#26: gracefully shutting down
2021/08/30 14:15:46 [notice] 26#26: exiting
2021/08/30 14:15:46 [notice] 26#26: exit
2021/08/30 14:15:46 [notice] 25#25: gracefully shutting down
2021/08/30 14:15:46 [notice] 25#25: exiting
2021/08/30 14:15:46 [notice] 22#22: gracefully shutting down
2021/08/30 14:15:46 [notice] 24#24: gracefully shutting down
2021/08/30 14:15:46 [notice] 24#24: exiting
2021/08/30 14:15:46 [notice] 27#27: gracefully shutting down
2021/08/30 14:15:46 [notice] 27#27: exiting
2021/08/30 14:15:46 [notice] 28#28: gracefully shutting down
2021/08/30 14:15:46 [notice] 28#28: exiting
2021/08/30 14:15:46 [notice] 29#29: gracefully shutting down
2021/08/30 14:15:46 [notice] 23#23: exiting
2021/08/30 14:15:46 [notice] 25#25: exit
2021/08/30 14:15:46 [notice] 22#22: exiting
2021/08/30 14:15:46 [notice] 24#24: exit
2021/08/30 14:15:46 [notice] 27#27: exit
2021/08/30 14:15:46 [notice] 28#28: exit
2021/08/30 14:15:46 [notice] 29#29: exiting
2021/08/30 14:15:46 [notice] 23#23: exit
2021/08/30 14:15:46 [notice] 22#22: exit
2021/08/30 14:15:46 [notice] 29#29: exit
2021/08/30 14:15:46 [notice] 1#1: signal 17 (SIGCHLD) received from 26
2021/08/30 14:15:46 [notice] 1#1: worker process 22 exited with code 0
2021/08/30 14:15:46 [notice] 1#1: worker process 24 exited with code 0
2021/08/30 14:15:46 [notice] 1#1: worker process 26 exited with code 0
2021/08/30 14:15:46 [notice] 1#1: worker process 27 exited with code 0
2021/08/30 14:15:46 [notice] 1#1: signal 29 (SIGIO) received
2021/08/30 14:15:46 [notice] 1#1: signal 17 (SIGCHLD) received from 22
2021/08/30 14:15:46 [notice] 1#1: signal 17 (SIGCHLD) received from 28
2021/08/30 14:15:46 [notice] 1#1: worker process 28 exited with code 0
2021/08/30 14:15:46 [notice] 1#1: signal 29 (SIGIO) received
2021/08/30 14:15:46 [notice] 1#1: signal 17 (SIGCHLD) received from 29
2021/08/30 14:15:46 [notice] 1#1: worker process 29 exited with code 0
2021/08/30 14:15:46 [notice] 1#1: signal 29 (SIGIO) received
2021/08/30 14:15:46 [notice] 1#1: signal 17 (SIGCHLD) received from 25
2021/08/30 14:15:46 [notice] 1#1: worker process 23 exited with code 0
2021/08/30 14:15:46 [notice] 1#1: worker process 25 exited with code 0
2021/08/30 14:15:46 [notice] 1#1: exit
2021/08/30 14:16:16 [notice] 1#1: using the "epoll" event method
2021/08/30 14:16:16 [notice] 1#1: nginx/1.21.1
2021/08/30 14:16:16 [notice] 1#1: built by gcc 8.3.0 (Debian 8.3.0-6) 
2021/08/30 14:16:16 [notice] 1#1: OS: Linux 4.19.128-microsoft-standard
2021/08/30 14:16:16 [notice] 1#1: getrlimit(RLIMIT_NOFILE): 1048576:1048576
2021/08/30 14:16:16 [notice] 1#1: start worker processes
2021/08/30 14:16:16 [notice] 1#1: start worker process 22
2021/08/30 14:16:16 [notice] 1#1: start worker process 23
2021/08/30 14:16:16 [notice] 1#1: start worker process 24
2021/08/30 14:16:16 [notice] 1#1: start worker process 25
2021/08/30 14:16:16 [notice] 1#1: start worker process 26
2021/08/30 14:16:16 [notice] 1#1: start worker process 27
2021/08/30 14:16:16 [notice] 1#1: start worker process 28
2021/08/30 14:16:16 [notice] 1#1: start worker process 29
2021/08/30 14:19:13 [error] 22#22: *3 "/var/www//rent/index.php" is not found (2: No such file or directory), client: 172.21.0.1, server: magento2.dev, request: "GET /rent/ HTTP/1.1", host: "localhost"
2021/08/30 14:19:13 [error] 22#22: *3 open() "/var/www//favicon.ico" failed (2: No such file or directory), client: 172.21.0.1, server: magento2.dev, request: "GET /favicon.ico HTTP/1.1", host: "localhost", referrer: "http://localhost/rent/"
2021/08/30 14:19:20 [error] 22#22: *4 "/var/www//rent/index.php" is not found (2: No such file or directory), client: 172.21.0.1, server: magento2.dev, request: "GET /rent/ HTTP/1.1", host: "localhost"
2021/09/06 08:58:57 [notice] 1#1: using the "epoll" event method
2021/09/06 08:58:57 [notice] 1#1: nginx/1.21.1
2021/09/06 08:58:57 [notice] 1#1: built by gcc 8.3.0 (Debian 8.3.0-6) 
2021/09/06 08:58:57 [notice] 1#1: OS: Linux 5.10.16.3-microsoft-standard-WSL2
2021/09/06 08:58:57 [notice] 1#1: getrlimit(RLIMIT_NOFILE): 1048576:1048576
2021/09/06 08:58:57 [notice] 1#1: start worker processes
2021/09/06 08:58:57 [notice] 1#1: start worker process 24
2021/09/06 08:58:57 [notice] 1#1: start worker process 25
2021/09/06 08:58:57 [notice] 1#1: start worker process 26
2021/09/06 08:58:57 [notice] 1#1: start worker process 27
2021/09/06 08:58:57 [notice] 1#1: start worker process 28
2021/09/06 08:58:57 [notice] 1#1: start worker process 29
2021/09/06 08:58:57 [notice] 1#1: start worker process 30
2021/09/06 08:58:57 [notice] 1#1: start worker process 31
2021/09/06 09:07:21 [error] 24#24: *1 open() "/var/www//favicon.ico" failed (2: No such file or directory), client: 172.21.0.1, server: magento2.dev, request: "GET /favicon.ico HTTP/1.1", host: "localhost", referrer: "http://localhost/"
2021/09/06 09:07:37 [error] 24#24: *4 open() "/var/www//rent/ru_RU/e1cib/ping" failed (2: No such file or directory), client: 172.21.0.1, server: magento2.dev, request: "GET /rent/ru_RU/e1cib/ping HTTP/1.1", host: "127.0.0.1", referrer: "http://127.0.0.1/rent/ru_RU/"
2021/09/06 09:07:44 [error] 24#24: *4 "/var/www//rent/index.php" is not found (2: No such file or directory), client: 172.21.0.1, server: magento2.dev, request: "GET /rent/ HTTP/1.1", host: "127.0.0.1"
2021/09/06 09:07:44 [error] 24#24: *4 open() "/var/www//rent/ru_RU/e1cib/logout" failed (2: No such file or directory), client: 172.21.0.1, server: magento2.dev, request: "POST /rent/ru_RU/e1cib/logout?seanceId=17d8c96b-f7f8-479d-9c0c-4954052b0fbf&beaconAPI=true HTTP/1.1", host: "127.0.0.1", referrer: "http://127.0.0.1/rent/ru_RU/"
2021/09/06 09:08:09 [error] 24#24: *4 "/var/www//rent/index.php" is not found (2: No such file or directory), client: 172.21.0.1, server: magento2.dev, request: "GET /rent/ HTTP/1.1", host: "127.0.0.1"
2021/09/06 09:08:16 [error] 24#24: *4 "/var/www//rent/index.php" is not found (2: No such file or directory), client: 172.21.0.1, server: magento2.dev, request: "GET /rent/ HTTP/1.1", host: "127.0.0.1"
2021/09/06 09:08:28 [error] 24#24: *4 "/var/www//rent/index.php" is not found (2: No such file or directory), client: 172.21.0.1, server: magento2.dev, request: "GET /rent/ HTTP/1.1", host: "127.0.0.1"
2021/09/06 09:08:28 [error] 24#24: *4 open() "/var/www//favicon.ico" failed (2: No such file or directory), client: 172.21.0.1, server: magento2.dev, request: "GET /favicon.ico HTTP/1.1", host: "127.0.0.1", referrer: "http://127.0.0.1/rent/"
2021/09/06 09:22:41 [notice] 1#1: signal 3 (SIGQUIT) received, shutting down
2021/09/06 09:22:41 [notice] 25#25: gracefully shutting down
2021/09/06 09:22:41 [notice] 24#24: gracefully shutting down
2021/09/06 09:22:41 [notice] 28#28: gracefully shutting down
2021/09/06 09:22:41 [notice] 27#27: gracefully shutting down
2021/09/06 09:22:41 [notice] 26#26: gracefully shutting down
2021/09/06 09:22:41 [notice] 29#29: gracefully shutting down
2021/09/06 09:22:41 [notice] 30#30: gracefully shutting down
2021/09/06 09:22:41 [notice] 31#31: gracefully shutting down
2021/09/06 09:22:41 [notice] 25#25: exiting
2021/09/06 09:22:41 [notice] 24#24: exiting
2021/09/06 09:22:41 [notice] 28#28: exiting
2021/09/06 09:22:41 [notice] 27#27: exiting
2021/09/06 09:22:41 [notice] 26#26: exiting
2021/09/06 09:22:41 [notice] 29#29: exiting
2021/09/06 09:22:41 [notice] 30#30: exiting
2021/09/06 09:22:41 [notice] 31#31: exiting
2021/09/06 09:22:41 [notice] 25#25: exit
2021/09/06 09:22:41 [notice] 24#24: exit
2021/09/06 09:22:41 [notice] 28#28: exit
2021/09/06 09:22:41 [notice] 27#27: exit
2021/09/06 09:22:41 [notice] 26#26: exit
2021/09/06 09:22:41 [notice] 29#29: exit
2021/09/06 09:22:41 [notice] 30#30: exit
2021/09/06 09:22:41 [notice] 31#31: exit
2021/09/06 09:22:41 [notice] 1#1: signal 17 (SIGCHLD) received from 28
2021/09/06 09:22:41 [notice] 1#1: worker process 26 exited with code 0
2021/09/06 09:22:41 [notice] 1#1: worker process 28 exited with code 0
2021/09/06 09:22:41 [notice] 1#1: worker process 31 exited with code 0
2021/09/06 09:22:41 [notice] 1#1: signal 29 (SIGIO) received
2021/09/06 09:22:41 [notice] 1#1: signal 17 (SIGCHLD) received from 31
2021/09/06 09:22:41 [notice] 1#1: signal 17 (SIGCHLD) received from 25
2021/09/06 09:22:41 [notice] 1#1: worker process 25 exited with code 0
2021/09/06 09:22:41 [notice] 1#1: worker process 27 exited with code 0
2021/09/06 09:22:41 [notice] 1#1: worker process 30 exited with code 0
2021/09/06 09:22:41 [notice] 1#1: signal 29 (SIGIO) received
2021/09/06 09:22:41 [notice] 1#1: signal 17 (SIGCHLD) received from 27
2021/09/06 09:22:41 [notice] 1#1: signal 17 (SIGCHLD) received from 24
2021/09/06 09:22:41 [notice] 1#1: worker process 24 exited with code 0
2021/09/06 09:22:41 [notice] 1#1: signal 29 (SIGIO) received
2021/09/06 09:22:41 [notice] 1#1: signal 17 (SIGCHLD) received from 29
2021/09/06 09:22:41 [notice] 1#1: worker process 29 exited with code 0
2021/09/06 09:22:41 [notice] 1#1: exit
2021/09/06 09:26:37 [notice] 1#1: using the "epoll" event method
2021/09/06 09:26:37 [notice] 1#1: nginx/1.21.1
2021/09/06 09:26:37 [notice] 1#1: built by gcc 8.3.0 (Debian 8.3.0-6) 
2021/09/06 09:26:37 [notice] 1#1: OS: Linux 5.10.16.3-microsoft-standard-WSL2
2021/09/06 09:26:37 [notice] 1#1: getrlimit(RLIMIT_NOFILE): 1048576:1048576
2021/09/06 09:26:37 [notice] 1#1: start worker processes
2021/09/06 09:26:37 [notice] 1#1: start worker process 23
2021/09/06 09:26:37 [notice] 1#1: start worker process 24
2021/09/06 09:26:37 [notice] 1#1: start worker process 25
2021/09/06 09:26:37 [notice] 1#1: start worker process 26
2021/09/06 09:26:37 [notice] 1#1: start worker process 27
2021/09/06 09:26:37 [notice] 1#1: start worker process 28
2021/09/06 09:26:37 [notice] 1#1: start worker process 29
2021/09/06 09:26:37 [notice] 1#1: start worker process 30
2021/09/06 09:59:50 [notice] 1#1: signal 3 (SIGQUIT) received, shutting down
2021/09/06 09:59:50 [notice] 23#23: gracefully shutting down
2021/09/06 09:59:50 [notice] 24#24: gracefully shutting down
2021/09/06 09:59:50 [notice] 25#25: gracefully shutting down
2021/09/06 09:59:50 [notice] 26#26: gracefully shutting down
2021/09/06 09:59:50 [notice] 27#27: gracefully shutting down
2021/09/06 09:59:50 [notice] 28#28: gracefully shutting down
2021/09/06 09:59:50 [notice] 29#29: gracefully shutting down
2021/09/06 09:59:50 [notice] 30#30: gracefully shutting down
2021/09/06 09:59:50 [notice] 23#23: exiting
2021/09/06 09:59:50 [notice] 24#24: exiting
2021/09/06 09:59:50 [notice] 25#25: exiting
2021/09/06 09:59:50 [notice] 26#26: exiting
2021/09/06 09:59:50 [notice] 27#27: exiting
2021/09/06 09:59:50 [notice] 28#28: exiting
2021/09/06 09:59:50 [notice] 29#29: exiting
2021/09/06 09:59:50 [notice] 30#30: exiting
2021/09/06 09:59:50 [notice] 23#23: exit
2021/09/06 09:59:50 [notice] 24#24: exit
2021/09/06 09:59:50 [notice] 25#25: exit
2021/09/06 09:59:50 [notice] 26#26: exit
2021/09/06 09:59:50 [notice] 27#27: exit
2021/09/06 09:59:50 [notice] 28#28: exit
2021/09/06 09:59:50 [notice] 29#29: exit
2021/09/06 09:59:50 [notice] 30#30: exit
2021/09/06 09:59:51 [notice] 1#1: signal 17 (SIGCHLD) received from 30
2021/09/06 09:59:51 [notice] 1#1: worker process 25 exited with code 0
2021/09/06 09:59:51 [notice] 1#1: worker process 30 exited with code 0
2021/09/06 09:59:51 [notice] 1#1: signal 29 (SIGIO) received
2021/09/06 09:59:51 [notice] 1#1: signal 17 (SIGCHLD) received from 29
2021/09/06 09:59:51 [notice] 1#1: worker process 23 exited with code 0
2021/09/06 09:59:51 [notice] 1#1: worker process 29 exited with code 0
2021/09/06 09:59:51 [notice] 1#1: signal 29 (SIGIO) received
2021/09/06 09:59:51 [notice] 1#1: signal 17 (SIGCHLD) received from 23
2021/09/06 09:59:51 [notice] 1#1: signal 17 (SIGCHLD) received from 27
2021/09/06 09:59:51 [notice] 1#1: worker process 26 exited with code 0
2021/09/06 09:59:51 [notice] 1#1: worker process 27 exited with code 0
2021/09/06 09:59:51 [notice] 1#1: signal 29 (SIGIO) received
2021/09/06 09:59:51 [notice] 1#1: signal 17 (SIGCHLD) received from 24
2021/09/06 09:59:51 [notice] 1#1: worker process 24 exited with code 0
2021/09/06 09:59:51 [notice] 1#1: signal 29 (SIGIO) received
2021/09/06 09:59:51 [notice] 1#1: signal 17 (SIGCHLD) received from 28
2021/09/06 09:59:51 [notice] 1#1: worker process 28 exited with code 0
2021/09/06 09:59:51 [notice] 1#1: exit
2021/09/06 10:05:19 [notice] 1#1: using the "epoll" event method
2021/09/06 10:05:19 [notice] 1#1: nginx/1.21.1
2021/09/06 10:05:19 [notice] 1#1: built by gcc 8.3.0 (Debian 8.3.0-6) 
2021/09/06 10:05:19 [notice] 1#1: OS: Linux 5.10.16.3-microsoft-standard-WSL2
2021/09/06 10:05:19 [notice] 1#1: getrlimit(RLIMIT_NOFILE): 1048576:1048576
2021/09/06 10:05:19 [notice] 1#1: start worker processes
2021/09/06 10:05:19 [notice] 1#1: start worker process 22
2021/09/06 10:05:19 [notice] 1#1: start worker process 23
2021/09/06 10:05:19 [notice] 1#1: start worker process 24
2021/09/06 10:05:19 [notice] 1#1: start worker process 25
2021/09/06 10:05:19 [notice] 1#1: start worker process 26
2021/09/06 10:05:19 [notice] 1#1: start worker process 27
2021/09/06 10:05:19 [notice] 1#1: start worker process 28
2021/09/06 10:05:19 [notice] 1#1: start worker process 29
2021/09/06 10:17:49 [notice] 1#1: signal 3 (SIGQUIT) received, shutting down
2021/09/06 10:17:49 [notice] 22#22: gracefully shutting down
2021/09/06 10:17:49 [notice] 23#23: gracefully shutting down
2021/09/06 10:17:49 [notice] 24#24: gracefully shutting down
2021/09/06 10:17:49 [notice] 25#25: gracefully shutting down
2021/09/06 10:17:49 [notice] 26#26: gracefully shutting down
2021/09/06 10:17:49 [notice] 27#27: gracefully shutting down
2021/09/06 10:17:49 [notice] 28#28: gracefully shutting down
2021/09/06 10:17:49 [notice] 28#28: exiting
2021/09/06 10:17:49 [notice] 29#29: gracefully shutting down
2021/09/06 10:17:49 [notice] 22#22: exiting
2021/09/06 10:17:49 [notice] 23#23: exiting
2021/09/06 10:17:49 [notice] 24#24: exiting
2021/09/06 10:17:49 [notice] 25#25: exiting
2021/09/06 10:17:49 [notice] 26#26: exiting
2021/09/06 10:17:49 [notice] 27#27: exiting
2021/09/06 10:17:49 [notice] 28#28: exit
2021/09/06 10:17:49 [notice] 29#29: exiting
2021/09/06 10:17:49 [notice] 22#22: exit
2021/09/06 10:17:49 [notice] 23#23: exit
2021/09/06 10:17:49 [notice] 24#24: exit
2021/09/06 10:17:49 [notice] 25#25: exit
2021/09/06 10:17:49 [notice] 26#26: exit
2021/09/06 10:17:49 [notice] 27#27: exit
2021/09/06 10:17:49 [notice] 29#29: exit
2021/09/06 10:17:50 [notice] 1#1: signal 17 (SIGCHLD) received from 22
2021/09/06 10:17:50 [notice] 1#1: worker process 22 exited with code 0
2021/09/06 10:17:50 [notice] 1#1: worker process 24 exited with code 0
2021/09/06 10:17:50 [notice] 1#1: worker process 27 exited with code 0
2021/09/06 10:17:50 [notice] 1#1: worker process 29 exited with code 0
2021/09/06 10:17:50 [notice] 1#1: signal 29 (SIGIO) received
2021/09/06 10:17:50 [notice] 1#1: signal 17 (SIGCHLD) received from 29
2021/09/06 10:17:50 [notice] 1#1: signal 17 (SIGCHLD) received from 23
2021/09/06 10:17:50 [notice] 1#1: worker process 23 exited with code 0
2021/09/06 10:17:50 [notice] 1#1: worker process 26 exited with code 0
2021/09/06 10:17:50 [notice] 1#1: signal 29 (SIGIO) received
2021/09/06 10:17:50 [notice] 1#1: signal 17 (SIGCHLD) received from 25
2021/09/06 10:17:50 [notice] 1#1: worker process 25 exited with code 0
2021/09/06 10:17:50 [notice] 1#1: worker process 28 exited with code 0
2021/09/06 10:17:50 [notice] 1#1: exit
2021/09/06 10:18:20 [notice] 1#1: using the "epoll" event method
2021/09/06 10:18:20 [notice] 1#1: nginx/1.21.1
2021/09/06 10:18:20 [notice] 1#1: built by gcc 8.3.0 (Debian 8.3.0-6) 
2021/09/06 10:18:20 [notice] 1#1: OS: Linux 5.10.16.3-microsoft-standard-WSL2
2021/09/06 10:18:20 [notice] 1#1: getrlimit(RLIMIT_NOFILE): 1048576:1048576
2021/09/06 10:18:20 [notice] 1#1: start worker processes
2021/09/06 10:18:20 [notice] 1#1: start worker process 22
2021/09/06 10:18:20 [notice] 1#1: start worker process 23
2021/09/06 10:18:20 [notice] 1#1: start worker process 24
2021/09/06 10:18:20 [notice] 1#1: start worker process 25
2021/09/06 10:18:20 [notice] 1#1: start worker process 26
2021/09/06 10:18:20 [notice] 1#1: start worker process 27
2021/09/06 10:18:20 [notice] 1#1: start worker process 28
2021/09/06 10:18:20 [notice] 1#1: start worker process 29
2021/09/06 10:24:40 [error] 22#22: *19 open() "/var/www//favicon.ico" failed (2: No such file or directory), client: 172.18.0.1, server: magento2.dev, request: "GET /favicon.ico HTTP/1.1", host: "127.0.0.1", referrer: "http://127.0.0.1/"
